INFO: [VRFC 10-2263] Analyzing Verilog file "C:/Users/Anumita Samaddar/ALU4bit_anumita/ALU4bit_anumita.srcs/sources_1/new/ALU_4bit.v" into library xil_defaultlib
INFO: [VRFC 10-311] analyzing module ALU_4bit
INFO: [VRFC 10-2263] Analyzing Verilog file "C:/Users/Anumita Samaddar/ALU4bit_anumita/ALU4bit_anumita.srcs/sources_1/new/Ripplecarryadder.v" into library xil_defaultlib
INFO: [VRFC 10-311] analyzing module Ripplecarryadder
INFO: [VRFC 10-2263] Analyzing Verilog file "C:/Users/Anumita Samaddar/ALU4bit_anumita/ALU4bit_anumita.srcs/sources_1/new/dynnor.v" into library xil_defaultlib
INFO: [VRFC 10-311] analyzing module dynnor
INFO: [VRFC 10-2263] Analyzing Verilog file "C:/Users/Anumita Samaddar/ALU4bit_anumita/ALU4bit_anumita.srcs/sources_1/new/fulladder.v" into library xil_defaultlib
INFO: [VRFC 10-311] analyzing module fulladder
INFO: [VRFC 10-2263] Analyzing Verilog file "C:/Users/Anumita Samaddar/ALU4bit_anumita/ALU4bit_anumita.srcs/sources_1/new/halfadder.v" into library xil_defaultlib
INFO: [VRFC 10-311] analyzing module halfadder
INFO: [VRFC 10-2263] Analyzing Verilog file "C:/Users/Anumita Samaddar/ALU4bit_anumita/ALU4bit_anumita.srcs/sources_1/new/onecomp.v" into library xil_defaultlib
INFO: [VRFC 10-311] analyzing module onecomp
INFO: [VRFC 10-2263] Analyzing Verilog file "C:/Users/Anumita Samaddar/ALU4bit_anumita/ALU4bit_anumita.srcs/sources_1/new/subtractor.v" into library xil_defaultlib
INFO: [VRFC 10-311] analyzing module subtractor
INFO: [VRFC 10-2263] Analyzing Verilog file "C:/Users/Anumita Samaddar/ALU4bit_anumita/ALU4bit_anumita.srcs/sources_1/new/the_staticnand.v" into library xil_defaultlib
INFO: [VRFC 10-311] analyzing module the_staticnand
INFO: [VRFC 10-2263] Analyzing Verilog file "C:/Users/Anumita Samaddar/ALU4bit_anumita/ALU4bit_anumita.srcs/sources_1/new/twocomp.v" into library xil_defaultlib
INFO: [VRFC 10-311] analyzing module twocomp
INFO: [VRFC 10-2263] Analyzing Verilog file "C:/Users/Anumita Samaddar/ALU4bit_anumita/ALU4bit_anumita.srcs/sim_1/new/ALU_4bit_tb.v" into library xil_defaultlib
INFO: [VRFC 10-311] analyzing module ALU_4bit_tb
