
*** Running vivado
    with args -log ALU_4bit.vds -m64 -product Vivado -mode batch -messageDb vivado.pb -notrace -source ALU_4bit.tcl



****** Vivado v2024.2 (64-bit)
  **** SW Build 5239630 on Fri Nov 08 22:35:27 MST 2024
  **** IP Build 5239520 on Sun Nov 10 16:12:51 MST 2024
  **** SharedData Build 5239561 on Fri Nov 08 14:39:27 MST 2024
  **** Start of session at: Thu Apr 10 00:45:15 2025
    ** Copyright 1986-2022 Xilinx, Inc. All Rights Reserved.
    ** Copyright 2022-2024 Advanced Micro Devices, Inc. All Rights Reserved.

source ALU_4bit.tcl -notrace
Command: read_checkpoint -auto_incremental -incremental {C:/Users/Anumita Samaddar/ALU4bit_anumita/ALU4bit_anumita.srcs/utils_1/imports/synth_1/ALU_4bit.dcp}
INFO: [Vivado 12-5825] Read reference checkpoint from C:/Users/Anumita Samaddar/ALU4bit_anumita/ALU4bit_anumita.srcs/utils_1/imports/synth_1/ALU_4bit.dcp for incremental synthesis
INFO: [Vivado 12-7989] Please ensure there are no constraint changes
Command: synth_design -top ALU_4bit -part xc7k70tfbv676-1
Starting synth_design
Attempting to get a license for feature 'Synthesis' and/or device 'xc7k70t'
INFO: [Common 17-349] Got license for feature 'Synthesis' and/or device 'xc7k70t'
INFO: [Designutils 20-5440] No compile time benefit to using incremental synthesis; A full resynthesis will be run
INFO: [Designutils 20-4379] Flow is switching to default flow due to incremental criteria not met. If you would like to alter this behaviour and have the flow terminate instead, please set the following parameter config_implementation {autoIncr.Synth.RejectBehavior Terminate}
INFO: [Synth 8-7079] Multithreading enabled for synth_design using a maximum of 2 processes.
INFO: [Synth 8-7078] Launching helper process for spawning children vivado processes
INFO: [Synth 8-7075] Helper process launched with PID 36796
---------------------------------------------------------------------------------
Starting Synthesize : Time (s): cpu = 00:00:09 ; elapsed = 00:00:12 . Memory (MB): peak = 850.652 ; gain = 474.762
---------------------------------------------------------------------------------
INFO: [Synth 8-6157] synthesizing module 'ALU_4bit' [C:/Users/Anumita Samaddar/ALU4bit_anumita/ALU4bit_anumita.srcs/sources_1/new/ALU_4bit.v:23]
INFO: [Synth 8-6157] synthesizing module 'Ripplecarryadder' [C:/Users/Anumita Samaddar/ALU4bit_anumita/ALU4bit_anumita.srcs/sources_1/new/Ripplecarryadder.v:23]
INFO: [Synth 8-6157] synthesizing module 'fulladder' [C:/Users/Anumita Samaddar/ALU4bit_anumita/ALU4bit_anumita.srcs/sources_1/new/fulladder.v:23]
INFO: [Synth 8-6157] synthesizing module 'halfadder' [C:/Users/Anumita Samaddar/ALU4bit_anumita/ALU4bit_anumita.srcs/sources_1/new/halfadder.v:23]
INFO: [Synth 8-6155] done synthesizing module 'halfadder' (0#1) [C:/Users/Anumita Samaddar/ALU4bit_anumita/ALU4bit_anumita.srcs/sources_1/new/halfadder.v:23]
INFO: [Synth 8-6155] done synthesizing module 'fulladder' (0#1) [C:/Users/Anumita Samaddar/ALU4bit_anumita/ALU4bit_anumita.srcs/sources_1/new/fulladder.v:23]
INFO: [Synth 8-6155] done synthesizing module 'Ripplecarryadder' (0#1) [C:/Users/Anumita Samaddar/ALU4bit_anumita/ALU4bit_anumita.srcs/sources_1/new/Ripplecarryadder.v:23]
INFO: [Synth 8-6157] synthesizing module 'subtractor' [C:/Users/Anumita Samaddar/ALU4bit_anumita/ALU4bit_anumita.srcs/sources_1/new/subtractor.v:23]
INFO: [Synth 8-6155] done synthesizing module 'subtractor' (0#1) [C:/Users/Anumita Samaddar/ALU4bit_anumita/ALU4bit_anumita.srcs/sources_1/new/subtractor.v:23]
INFO: [Synth 8-6157] synthesizing module 'the_staticnand' [C:/Users/Anumita Samaddar/ALU4bit_anumita/ALU4bit_anumita.srcs/sources_1/new/the_staticnand.v:23]
INFO: [Synth 8-6155] done synthesizing module 'the_staticnand' (0#1) [C:/Users/Anumita Samaddar/ALU4bit_anumita/ALU4bit_anumita.srcs/sources_1/new/the_staticnand.v:23]
INFO: [Synth 8-6157] synthesizing module 'dynnor' [C:/Users/Anumita Samaddar/ALU4bit_anumita/ALU4bit_anumita.srcs/sources_1/new/dynnor.v:23]
INFO: [Synth 8-6155] done synthesizing module 'dynnor' (0#1) [C:/Users/Anumita Samaddar/ALU4bit_anumita/ALU4bit_anumita.srcs/sources_1/new/dynnor.v:23]
INFO: [Synth 8-6157] synthesizing module 'onecomp' [C:/Users/Anumita Samaddar/ALU4bit_anumita/ALU4bit_anumita.srcs/sources_1/new/onecomp.v:23]
INFO: [Synth 8-6155] done synthesizing module 'onecomp' (0#1) [C:/Users/Anumita Samaddar/ALU4bit_anumita/ALU4bit_anumita.srcs/sources_1/new/onecomp.v:23]
INFO: [Synth 8-6157] synthesizing module 'twocomp' [C:/Users/Anumita Samaddar/ALU4bit_anumita/ALU4bit_anumita.srcs/sources_1/new/twocomp.v:22]
INFO: [Synth 8-6155] done synthesizing module 'twocomp' (0#1) [C:/Users/Anumita Samaddar/ALU4bit_anumita/ALU4bit_anumita.srcs/sources_1/new/twocomp.v:22]
INFO: [Synth 8-6155] done synthesizing module 'ALU_4bit' (0#1) [C:/Users/Anumita Samaddar/ALU4bit_anumita/ALU4bit_anumita.srcs/sources_1/new/ALU_4bit.v:23]
---------------------------------------------------------------------------------
Finished Synthesize : Time (s): cpu = 00:00:12 ; elapsed = 00:00:16 . Memory (MB): peak = 954.414 ; gain = 578.523
---------------------------------------------------------------------------------
---------------------------------------------------------------------------------
Finished Constraint Validation : Time (s): cpu = 00:00:14 ; elapsed = 00:00:17 . Memory (MB): peak = 954.414 ; gain = 578.523
---------------------------------------------------------------------------------
---------------------------------------------------------------------------------
Start Loading Part and Timing Information
---------------------------------------------------------------------------------
Loading part: xc7k70tfbv676-1
---------------------------------------------------------------------------------
Finished Loading Part and Timing Information : Time (s): cpu = 00:00:14 ; elapsed = 00:00:17 . Memory (MB): peak = 954.414 ; gain = 578.523
---------------------------------------------------------------------------------
INFO: [Device 21-403] Loading part xc7k70tfbv676-1
---------------------------------------------------------------------------------
Finished RTL Optimization Phase 2 : Time (s): cpu = 00:00:14 ; elapsed = 00:00:18 . Memory (MB): peak = 954.414 ; gain = 578.523
---------------------------------------------------------------------------------
No constraint files found.
---------------------------------------------------------------------------------
Start RTL Component Statistics 
---------------------------------------------------------------------------------
Detailed RTL Component Info : 
+---XORs : 
	   2 Input      1 Bit         XORs := 16    
+---Muxes : 
	   2 Input    4 Bit        Muxes := 1     
	   7 Input    1 Bit        Muxes := 1     
---------------------------------------------------------------------------------
Finished RTL Component Statistics 
---------------------------------------------------------------------------------
---------------------------------------------------------------------------------
Start Part Resource Summary
---------------------------------------------------------------------------------
Part Resources:
DSPs: 240 (col length:80)
BRAMs: 270 (col length: RAMB18 80 RAMB36 40)
---------------------------------------------------------------------------------
Finished Part Resource Summary
---------------------------------------------------------------------------------
No constraint files found.
---------------------------------------------------------------------------------
Start Cross Boundary and Area Optimization
---------------------------------------------------------------------------------
WARNING: [Synth 8-7080] Parallel synthesis criteria is not met
---------------------------------------------------------------------------------
Finished Cross Boundary and Area Optimization : Time (s): cpu = 00:00:23 ; elapsed = 00:00:31 . Memory (MB): peak = 1135.137 ; gain = 759.246
---------------------------------------------------------------------------------
No constraint files found.
---------------------------------------------------------------------------------
Start Timing Optimization
---------------------------------------------------------------------------------
---------------------------------------------------------------------------------
Finished Timing Optimization : Time (s): cpu = 00:00:23 ; elapsed = 00:00:32 . Memory (MB): peak = 1135.137 ; gain = 759.246
---------------------------------------------------------------------------------
---------------------------------------------------------------------------------
Start Technology Mapping
---------------------------------------------------------------------------------
---------------------------------------------------------------------------------
Finished Technology Mapping : Time (s): cpu = 00:00:23 ; elapsed = 00:00:32 . Memory (MB): peak = 1135.137 ; gain = 759.246
---------------------------------------------------------------------------------
---------------------------------------------------------------------------------
Start IO Insertion
---------------------------------------------------------------------------------
---------------------------------------------------------------------------------
Start Flattening Before IO Insertion
---------------------------------------------------------------------------------
---------------------------------------------------------------------------------
Finished Flattening Before IO Insertion
---------------------------------------------------------------------------------
---------------------------------------------------------------------------------
Start Final Netlist Cleanup
---------------------------------------------------------------------------------
---------------------------------------------------------------------------------
Finished Final Netlist Cleanup
---------------------------------------------------------------------------------
---------------------------------------------------------------------------------
Finished IO Insertion : Time (s): cpu = 00:00:31 ; elapsed = 00:00:41 . Memory (MB): peak = 1332.508 ; gain = 956.617
---------------------------------------------------------------------------------
---------------------------------------------------------------------------------
Start Renaming Generated Instances
---------------------------------------------------------------------------------
---------------------------------------------------------------------------------
Finished Renaming Generated Instances : Time (s): cpu = 00:00:31 ; elapsed = 00:00:41 . Memory (MB): peak = 1332.508 ; gain = 956.617
---------------------------------------------------------------------------------
---------------------------------------------------------------------------------
Start Rebuilding User Hierarchy
---------------------------------------------------------------------------------
---------------------------------------------------------------------------------
Finished Rebuilding User Hierarchy : Time (s): cpu = 00:00:31 ; elapsed = 00:00:41 . Memory (MB): peak = 1332.508 ; gain = 956.617
---------------------------------------------------------------------------------
---------------------------------------------------------------------------------
Start Renaming Generated Ports
---------------------------------------------------------------------------------
---------------------------------------------------------------------------------
Finished Renaming Generated Ports : Time (s): cpu = 00:00:31 ; elapsed = 00:00:41 . Memory (MB): peak = 1332.508 ; gain = 956.617
---------------------------------------------------------------------------------
---------------------------------------------------------------------------------
Start Handling Custom Attributes
---------------------------------------------------------------------------------
---------------------------------------------------------------------------------
Finished Handling Custom Attributes : Time (s): cpu = 00:00:31 ; elapsed = 00:00:41 . Memory (MB): peak = 1332.508 ; gain = 956.617
---------------------------------------------------------------------------------
---------------------------------------------------------------------------------
Start Renaming Generated Nets
---------------------------------------------------------------------------------
---------------------------------------------------------------------------------
Finished Renaming Generated Nets : Time (s): cpu = 00:00:31 ; elapsed = 00:00:41 . Memory (MB): peak = 1332.508 ; gain = 956.617
---------------------------------------------------------------------------------
---------------------------------------------------------------------------------
Start Writing Synthesis Report
---------------------------------------------------------------------------------

Report BlackBoxes: 
+-+--------------+----------+
| |BlackBox name |Instances |
+-+--------------+----------+
+-+--------------+----------+

Report Cell Usage: 
+------+------+------+
|      |Cell  |Count |
+------+------+------+
|1     |LUT2  |     3|
|2     |LUT4  |     5|
|3     |LUT5  |     2|
|4     |LUT6  |     8|
|5     |MUXF7 |     3|
|6     |IBUF  |    12|
|7     |OBUF  |     5|
+------+------+------+

Report Instance Areas: 
+------+---------+-------+------+
|      |Instance |Module |Cells |
+------+---------+-------+------+
|1     |top      |       |    38|
+------+---------+-------+------+
---------------------------------------------------------------------------------
Finished Writing Synthesis Report : Time (s): cpu = 00:00:31 ; elapsed = 00:00:41 . Memory (MB): peak = 1332.508 ; gain = 956.617
---------------------------------------------------------------------------------
Synthesis finished with 0 errors, 0 critical warnings and 1 warnings.
Synthesis Optimization Runtime : Time (s): cpu = 00:00:31 ; elapsed = 00:00:41 . Memory (MB): peak = 1332.508 ; gain = 956.617
Synthesis Optimization Complete : Time (s): cpu = 00:00:31 ; elapsed = 00:00:41 . Memory (MB): peak = 1332.508 ; gain = 956.617
INFO: [Project 1-571] Translating synthesized netlist
Netlist sorting complete. Time (s): cpu = 00:00:00 ; elapsed = 00:00:00.002 . Memory (MB): peak = 1347.547 ; gain = 0.000
INFO: [Netlist 29-17] Analyzing 3 Unisim elements for replacement
INFO: [Netlist 29-28] Unisim Transformation completed in 0 CPU seconds
INFO: [Project 1-570] Preparing netlist for logic optimization
INFO: [Opt 31-138] Pushed 0 inverter(s) to 0 load pin(s).
Netlist sorting complete. Time (s): cpu = 00:00:00 ; elapsed = 00:00:00 . Memory (MB): peak = 1457.312 ; gain = 0.000
INFO: [Project 1-111] Unisim Transformation Summary:
No Unisim elements were transformed.

Synth Design complete | Checksum: eb5b577d
INFO: [Common 17-83] Releasing license: Synthesis
34 Infos, 1 Warnings, 0 Critical Warnings and 0 Errors encountered.
synth_design completed successfully
synth_design: Time (s): cpu = 00:00:36 ; elapsed = 00:00:48 . Memory (MB): peak = 1457.312 ; gain = 1087.641
Write ShapeDB Complete: Time (s): cpu = 00:00:00 ; elapsed = 00:00:00.009 . Memory (MB): peak = 1457.312 ; gain = 0.000
INFO: [Common 17-1381] The checkpoint 'C:/Users/Anumita Samaddar/ALU4bit_anumita/ALU4bit_anumita.runs/synth_1/ALU_4bit.dcp' has been generated.
INFO: [Vivado 12-24828] Executing command : report_utilization -file ALU_4bit_utilization_synth.rpt -pb ALU_4bit_utilization_synth.pb
INFO: [Common 17-206] Exiting Vivado at Thu Apr 10 00:46:14 2025...
